[35m[Appium][39m Welcome to Appium v1.22.2
[35m[Appium][39m Non-default server args:
[35m[Appium][39m   port: 58701
[35m[Appium][39m   loglevel: info
[35m[Appium][39m   tmpDir: C:\Users\CHRISD~1\AppData\Local\Temp\\Katalon\Appium\Temp1664844094707
[35m[Appium][39m   chromedriverPort: 58702
[35m[Appium][39m Deprecated server args:
[35m[Appium][39m   [31m--chromedriver-port[39m => --default-capabilities
[35m[Appium][39m Default capabilities, which will be added to each request unless overridden by desired capabilities:
[35m[Appium][39m   chromedriverPort: 58702
[35m[Appium][39m Appium REST http interface listener started on 0.0.0.0:58701
[35m[HTTP][39m [37m-->[39m [37mGET[39m [37m/wd/hub/status[39m
[35m[HTTP][39m [90m{}[39m
[35m[HTTP][39m [37m<-- GET /wd/hub/status [39m[32m200[39m [90m4 ms - 68[39m
[35m[HTTP][39m [90m[39m
[35m[HTTP][39m [37m-->[39m [37mGET[39m [37m/wd/hub/status[39m
[35m[HTTP][39m [90m{}[39m
[35m[HTTP][39m [37m<-- GET /wd/hub/status [39m[32m200[39m [90m1 ms - 68[39m
[35m[HTTP][39m [90m[39m
[35m[HTTP][39m [37m-->[39m [37mPOST[39m [37m/wd/hub/session[39m
[35m[HTTP][39m [90m{"desiredCapabilities":{"appActivity":".Settings","appPackage":"com.android.settings","newCommandTimeout":1800,"platformVersion":"9","automationName":"uiautomator2","autoGrantPermissions":true,"platformName":"Android","udid":"emulator-5554","deviceName":"emulator-5554 (AOSP on IA Emulator - Android 9)","platform":"ANDROID","systemPort":8223},"capabilities":{"firstMatch":[{"appium:appActivity":".Settings","appium:appPackage":"com.android.settings","appium:autoGrantPermissions":true,"appium:automationName":"uiautomator2","appium:deviceName":"emulator-5554 (AOSP on IA Emulator - Android 9)","appium:newCommandTimeout":1800,"platform":"ANDROID","platformName":"android","appium:platformVersion":"9","appium:systemPort":8223,"appium:udid":"emulator-5554"}]}}[39m
[35m[BaseDriver][39m The following capabilities are not standard capabilities and should have an extension prefix:
[35m[BaseDriver][39m   platform
[35m[BaseDriver][39m   chromedriverPort
[35m[Appium][39m Appium v1.22.2 creating new AndroidUiautomator2Driver (v1.70.1) session
[35m[BaseDriver][39m The following capabilities were provided, but are not recognized by Appium:
[35m[BaseDriver][39m   platform
[35m[BaseDriver][39m Session created with session id: c96629a8-6df4-4ddc-9d54-6cb25aaab49e
[35m[UiAutomator2][39m Starting 'com.android.settings' directly on the device
[35m[ADB][39m Found 1 'build-tools' folders under 'C:\Users\Chris Dion\.katalon\tools\android_sdk' (newest first):
[35m[ADB][39m     C:/Users/Chris Dion/.katalon/tools/android_sdk/build-tools/29.0.3
[35m[ADB][39m Using 'adb.exe' from 'C:\Users\Chris Dion\.katalon\tools\android_sdk\platform-tools\adb.exe'
[35m[AndroidDriver][39m Retrieving device list
[35m[AndroidDriver][39m Using device: emulator-5554
[35m[ADB][39m Using 'adb.exe' from 'C:\Users\Chris Dion\.katalon\tools\android_sdk\platform-tools\adb.exe'
[35m[ADB][39m Getting device platform version
[35m[UiAutomator2][39m Relaxing hidden api policy
[35m[AndroidDriver][39m No app sent in, not parsing package/activity
[35m[ADB][39m Using 'apksigner.jar' from 'C:\Users\Chris Dion\.katalon\tools\android_sdk\build-tools\29.0.3\lib\apksigner.jar'
[35m[ADB][39m 'C:\Users\Chris Dion\node_modules\appium\node_modules\appium-uiautomator2-server\apks\appium-uiautomator2-server-v4.27.0.apk' is signed with the default certificate
[35m[ADB][39m 'C:\Users\Chris Dion\node_modules\appium\node_modules\appium-uiautomator2-server\apks\appium-uiautomator2-server-debug-androidTest.apk' is signed with the default certificate
[35m[UiAutomator2][39m Server packages are not going to be (re)installed
[35m[ADB][39m Adding packages ["io.appium.settings","io.appium.uiautomator2.server","io.appium.uiautomator2.server.test"] to Doze whitelist
[35m[UiAutomator2][39m Starting UIAutomator2 server 4.27.0
[35m[UiAutomator2][39m Using UIAutomator2 server from 'C:\Users\Chris Dion\node_modules\appium\node_modules\appium-uiautomator2-server\apks\appium-uiautomator2-server-v4.27.0.apk' and test from 'C:\Users\Chris Dion\node_modules\appium\node_modules\appium-uiautomator2-server\apks\appium-uiautomator2-server-debug-androidTest.apk'
[35m[UiAutomator2][39m Waiting up to 30000ms for UiAutomator2 to be online...
[35m[WD Proxy][39m socket hang up
[35m[WD Proxy][39m socket hang up
[35m[WD Proxy][39m socket hang up
[35m[WD Proxy][39m Determined the downstream protocol as 'W3C'
[35m[AndroidDriver][39m Screen already unlocked, doing nothing
[35m[UiAutomator2][39m Starting 'com.android.settings/.Settings and waiting for 'com.android.settings/.Settings'
[35m[Appium][39m New AndroidUiautomator2Driver session created successfully, session c96629a8-6df4-4ddc-9d54-6cb25aaab49e added to master session list
[35m[HTTP][39m [37m<-- POST /wd/hub/session [39m[32m200[39m [90m8235 ms - 1191[39m
[35m[HTTP][39m [90m[39m
[35m[HTTP][39m [37m-->[39m [37mGET[39m [37m/wd/hub/session/c96629a8-6df4-4ddc-9d54-6cb25aaab49e[39m
[35m[HTTP][39m [90m{}[39m
[35m[HTTP][39m [37m<-- GET /wd/hub/session/c96629a8-6df4-4ddc-9d54-6cb25aaab49e [39m[32m200[39m [90m19 ms - 1145[39m
[35m[HTTP][39m [90m[39m
[35m[HTTP][39m [37m-->[39m [37mGET[39m [37m/wd/hub/session/c96629a8-6df4-4ddc-9d54-6cb25aaab49e[39m
[35m[HTTP][39m [90m{}[39m
[35m[HTTP][39m [37m<-- GET /wd/hub/session/c96629a8-6df4-4ddc-9d54-6cb25aaab49e [39m[32m200[39m [90m12 ms - 1145[39m
[35m[HTTP][39m [90m[39m
[35m[HTTP][39m [37m-->[39m [37mGET[39m [37m/wd/hub/status[39m
[35m[HTTP][39m [90m{}[39m
[35m[HTTP][39m [37m<-- GET /wd/hub/status [39m[32m200[39m [90m1 ms - 68[39m
[35m[HTTP][39m [90m[39m
[35m[HTTP][39m [37m-->[39m [37mPOST[39m [37m/wd/hub/session/c96629a8-6df4-4ddc-9d54-6cb25aaab49e/timeouts[39m
[35m[HTTP][39m [90m{"implicit":60000}[39m
[35m[HTTP][39m [37m<-- POST /wd/hub/session/c96629a8-6df4-4ddc-9d54-6cb25aaab49e/timeouts [39m[32m200[39m [90m4 ms - 14[39m
[35m[HTTP][39m [90m[39m
[35m[HTTP][39m [37m-->[39m [37mGET[39m [37m/wd/hub/session/c96629a8-6df4-4ddc-9d54-6cb25aaab49e/screenshot[39m
[35m[HTTP][39m [90m{}[39m
[35m[HTTP][39m [37m<-- GET /wd/hub/session/c96629a8-6df4-4ddc-9d54-6cb25aaab49e/screenshot [39m[32m200[39m [90m601 ms - 45270[39m
[35m[HTTP][39m [90m[39m
[35m[HTTP][39m [37m-->[39m [37mGET[39m [37m/wd/hub/session/c96629a8-6df4-4ddc-9d54-6cb25aaab49e/window/rect[39m
[35m[HTTP][39m [90m{}[39m
[35m[HTTP][39m [37m<-- GET /wd/hub/session/c96629a8-6df4-4ddc-9d54-6cb25aaab49e/window/rect [39m[32m200[39m [90m29 ms - 50[39m
[35m[HTTP][39m [90m[39m
[35m[HTTP][39m [37m-->[39m [37mGET[39m [37m/wd/hub/session/c96629a8-6df4-4ddc-9d54-6cb25aaab49e/appium/device/system_bars[39m
[35m[HTTP][39m [90m{}[39m
[35m[HTTP][39m [37m<-- GET /wd/hub/session/c96629a8-6df4-4ddc-9d54-6cb25aaab49e/appium/device/system_bars [39m[32m200[39m [90m283 ms - 148[39m
[35m[HTTP][39m [90m[39m
[35m[HTTP][39m [37m-->[39m [37mPOST[39m [37m/wd/hub/session/c96629a8-6df4-4ddc-9d54-6cb25aaab49e/appium/device/activate_app[39m
[35m[HTTP][39m [90m{"bundleId":"com.hmh.api"}[39m
[35m[HTTP][39m [37m<-- POST /wd/hub/session/c96629a8-6df4-4ddc-9d54-6cb25aaab49e/appium/device/activate_app [39m[32m200[39m [90m1244 ms - 14[39m
[35m[HTTP][39m [90m[39m
[35m[HTTP][39m [37m-->[39m [37mGET[39m [37m/wd/hub/session/c96629a8-6df4-4ddc-9d54-6cb25aaab49e/source[39m
[35m[HTTP][39m [90m{}[39m
[35m[W3C (c96629a8)][39m Driver proxy active, passing request on via HTTP proxy
[35m[WD Proxy][39m Replacing sessionId 5a7191d7-fb65-4e01-870f-47b773d95c77 with c96629a8-6df4-4ddc-9d54-6cb25aaab49e
[35m[HTTP][39m [37m<-- GET /wd/hub/session/c96629a8-6df4-4ddc-9d54-6cb25aaab49e/source [39m[32m200[39m [90m939 ms - 7652[39m
[35m[HTTP][39m [90m[39m
[35m[HTTP][39m [37m-->[39m [37mGET[39m [37m/wd/hub/session/c96629a8-6df4-4ddc-9d54-6cb25aaab49e/screenshot[39m
[35m[HTTP][39m [90m{}[39m
[35m[HTTP][39m [37m<-- GET /wd/hub/session/c96629a8-6df4-4ddc-9d54-6cb25aaab49e/screenshot [39m[32m200[39m [90m362 ms - 93970[39m
[35m[HTTP][39m [90m[39m
[35m[HTTP][39m [37m-->[39m [37mPOST[39m [37m/wd/hub/session/c96629a8-6df4-4ddc-9d54-6cb25aaab49e/elements[39m
[35m[HTTP][39m [90m{"using":"xpath","value":"//*[@class = 'android.widget.TextView' and (@text = 'Preference' or . = 'Preference') and @resource-id = 'android:id/text1']"}[39m
[35m[HTTP][39m [37m<-- POST /wd/hub/session/c96629a8-6df4-4ddc-9d54-6cb25aaab49e/elements [39m[32m200[39m [90m456 ms - 139[39m
[35m[HTTP][39m [90m[39m
[35m[HTTP][39m [37m-->[39m [37mGET[39m [37m/wd/hub/session/c96629a8-6df4-4ddc-9d54-6cb25aaab49e/window/rect[39m
[35m[HTTP][39m [90m{}[39m
[35m[HTTP][39m [37m<-- GET /wd/hub/session/c96629a8-6df4-4ddc-9d54-6cb25aaab49e/window/rect [39m[32m200[39m [90m9 ms - 50[39m
[35m[HTTP][39m [90m[39m
[35m[HTTP][39m [37m-->[39m [37mPOST[39m [37m/wd/hub/session/c96629a8-6df4-4ddc-9d54-6cb25aaab49e/elements[39m
[35m[HTTP][39m [90m{"using":"xpath","value":"//*[@class = 'android.widget.TextView' and (@text = 'Preference' or . = 'Preference') and @resource-id = 'android:id/text1']"}[39m
[35m[HTTP][39m [37m<-- POST /wd/hub/session/c96629a8-6df4-4ddc-9d54-6cb25aaab49e/elements [39m[32m200[39m [90m56 ms - 139[39m
[35m[HTTP][39m [90m[39m
[35m[HTTP][39m [37m-->[39m [37mGET[39m [37m/wd/hub/session/c96629a8-6df4-4ddc-9d54-6cb25aaab49e/element/00000000-0000-007e-ffff-ffff0000000f/location[39m
[35m[HTTP][39m [90m{}[39m
[35m[W3C (c96629a8)][39m Driver proxy active, passing request on via HTTP proxy
[35m[WD Proxy][39m Replacing sessionId 5a7191d7-fb65-4e01-870f-47b773d95c77 with c96629a8-6df4-4ddc-9d54-6cb25aaab49e
[35m[HTTP][39m [37m<-- GET /wd/hub/session/c96629a8-6df4-4ddc-9d54-6cb25aaab49e/element/00000000-0000-007e-ffff-ffff0000000f/location [39m[32m200[39m [90m14 ms - 77[39m
[35m[HTTP][39m [90m[39m
[35m[HTTP][39m [37m-->[39m [37mPOST[39m [37m/wd/hub/session/c96629a8-6df4-4ddc-9d54-6cb25aaab49e/element/00000000-0000-007e-ffff-ffff0000000f/click[39m
[35m[HTTP][39m [90m{"id":"00000000-0000-007e-ffff-ffff0000000f"}[39m
[35m[HTTP][39m [37m<-- POST /wd/hub/session/c96629a8-6df4-4ddc-9d54-6cb25aaab49e/element/00000000-0000-007e-ffff-ffff0000000f/click [39m[32m200[39m [90m1142 ms - 14[39m
[35m[HTTP][39m [90m[39m
[35m[HTTP][39m [37m-->[39m [37mGET[39m [37m/wd/hub/session/c96629a8-6df4-4ddc-9d54-6cb25aaab49e/source[39m
[35m[HTTP][39m [90m{}[39m
[35m[W3C (c96629a8)][39m Driver proxy active, passing request on via HTTP proxy
[35m[WD Proxy][39m Replacing sessionId 5a7191d7-fb65-4e01-870f-47b773d95c77 with c96629a8-6df4-4ddc-9d54-6cb25aaab49e
[35m[HTTP][39m [37m<-- GET /wd/hub/session/c96629a8-6df4-4ddc-9d54-6cb25aaab49e/source [39m[32m200[39m [90m43 ms - 6540[39m
[35m[HTTP][39m [90m[39m
[35m[HTTP][39m [37m-->[39m [37mGET[39m [37m/wd/hub/session/c96629a8-6df4-4ddc-9d54-6cb25aaab49e/screenshot[39m
[35m[HTTP][39m [90m{}[39m
[35m[HTTP][39m [37m<-- GET /wd/hub/session/c96629a8-6df4-4ddc-9d54-6cb25aaab49e/screenshot [39m[32m200[39m [90m315 ms - 117358[39m
[35m[HTTP][39m [90m[39m
[35m[HTTP][39m [37m-->[39m [37mDELETE[39m [37m/wd/hub/session/c96629a8-6df4-4ddc-9d54-6cb25aaab49e[39m
[35m[HTTP][39m [90m{}[39m
[35m[Appium][39m Removing session c96629a8-6df4-4ddc-9d54-6cb25aaab49e from our master session list
[35m[UiAutomator2][39m Restoring hidden api policy to the device default configuration
[35m[HTTP][39m [37m<-- DELETE /wd/hub/session/c96629a8-6df4-4ddc-9d54-6cb25aaab49e [39m[32m200[39m [90m320 ms - 14[39m
[35m[HTTP][39m [90m[39m
